2020-09-29 00:33:20 INFO  Sorting:28 - This sorted array logged is : [I@108c4c35
2020-09-29 00:33:20 INFO  Sorting:30 - Sample info message
2020-09-29 00:33:20 WARN  Sorting:31 - Sample warn message
2020-09-29 00:33:20 ERROR Sorting:32 - Sample error message
2020-09-29 00:33:20 FATAL Sorting:33 - Sample fatal message
2020-09-29 00:35:05 INFO  Sorting:28 - This sorted array logged is : [I@108c4c35
2020-09-29 00:35:05 INFO  Sorting:30 - Sample info message
2020-09-29 00:35:05 WARN  Sorting:31 - Sample warn message
2020-09-29 00:35:05 ERROR Sorting:32 - Sample error message
2020-09-29 00:35:05 FATAL Sorting:33 - Sample fatal message
2020-09-29 00:36:15 INFO  Sorting:28 - This sorted array logged is : [I@108c4c35
2020-09-29 00:36:15 INFO  Sorting:30 - Sample info message
2020-09-29 00:36:15 WARN  Sorting:31 - Sample warn message
2020-09-29 00:36:15 ERROR Sorting:32 - Sample error message
2020-09-29 00:36:15 FATAL Sorting:33 - Sample fatal message
2020-09-29 00:36:32 INFO  Sorting:28 - This sorted array logged is : [I@108c4c35
2020-09-29 00:36:32 INFO  Sorting:30 - Sample info message
2020-09-29 00:36:32 WARN  Sorting:31 - Sample warn message
2020-09-29 00:36:32 ERROR Sorting:32 - Sample error message
2020-09-29 00:36:32 FATAL Sorting:33 - Sample fatal message
2020-09-29 00:37:10 INFO  Sorting:28 - This sorted array logged is : [I@108c4c35
2020-09-29 00:37:10 INFO  Sorting:30 - Sample info message
2020-09-29 00:37:10 WARN  Sorting:31 - Sample warn message
2020-09-29 00:37:10 ERROR Sorting:32 - Sample error message
2020-09-29 00:37:10 FATAL Sorting:33 - Sample fatal message
2020-09-29 00:37:45 INFO  Sorting:28 - This sorted array logged is : [I@108c4c35
2020-09-29 00:37:45 INFO  Sorting:30 - Sample info message
2020-09-29 00:37:45 WARN  Sorting:31 - Sample warn message
2020-09-29 00:37:45 ERROR Sorting:32 - Sample error message
2020-09-29 00:37:45 FATAL Sorting:33 - Sample fatal message
2020-09-29 00:38:46 INFO  Sorting:28 - This sorted array logged is : [I@108c4c35
2020-09-29 00:38:46 INFO  Sorting:30 - Sample info message
2020-09-29 00:38:46 WARN  Sorting:31 - Sample warn message
2020-09-29 00:38:46 ERROR Sorting:32 - Sample error message
2020-09-29 00:38:46 FATAL Sorting:33 - Sample fatal message
2020-09-29 00:39:12 INFO  Sorting:28 - This sorted array logged is : [I@108c4c35
2020-09-29 00:39:12 INFO  Sorting:30 - Sample info message
2020-09-29 00:39:12 WARN  Sorting:31 - Sample warn message
2020-09-29 00:39:12 ERROR Sorting:32 - Sample error message
2020-09-29 00:39:12 FATAL Sorting:33 - Sample fatal message
2020-09-29 12:19:25 INFO  Sorting:28 - This sorted array logged is : [I@1bce4f0a
2020-09-29 12:19:25 INFO  Sorting:30 - Sample info message
2020-09-29 12:19:25 WARN  Sorting:31 - Sample warn message
2020-09-29 12:19:25 ERROR Sorting:32 - Sample error message
2020-09-29 12:19:25 FATAL Sorting:33 - Sample fatal message
